<?xml version="1.0" encoding="UTF-8"?>
<!-- Generated by org.testng.reporters.JUnitReportReporter -->
<testsuite hostname="JyothiCyril" failures="0" tests="1" name="com.qa.testscripts.TC_NewTours_001" time="9.172" errors="0" timestamp="2022-07-08T16:09:25 IST" skipped="0">
  <testcase classname="com.qa.testscripts.TC_NewTours_001" name="Login" time="9.172"/>
  <system-out>
    <![CDATA[The Login is sucessfull]]>
  </system-out>
</testsuite> <!-- com.qa.testscripts.TC_NewTours_001 -->
