<?xml version="1.0" encoding="UTF-8"?>
<!-- Generated by org.testng.reporters.JUnitReportReporter -->
<testsuite hostname="JyothiCyril" failures="0" tests="1" name="com.qa.testscripts.TC_WebElementScreenshot" time="0.338" errors="0" timestamp="2022-07-12T16:19:54 IST" skipped="0">
  <testcase classname="com.qa.testscripts.TC_WebElementScreenshot" name="ElementScreenshot" time="0.338"/>
  <system-out/>
</testsuite> <!-- com.qa.testscripts.TC_WebElementScreenshot -->
