<?xml version="1.0" encoding="UTF-8"?>
<!-- Generated by org.testng.reporters.JUnitReportReporter -->
<testsuite hostname="JyothiCyril" failures="0" tests="1" name="com.qa.testngDemo.TC_UtilitybillPayment_002" time="0.004" errors="0" timestamp="2022-07-05T16:08:06 IST" skipped="0">
  <testcase classname="com.qa.testngDemo.TC_UtilitybillPayment_002" name="UtilityBillPayment" time="0.004"/>
  <system-out/>
</testsuite> <!-- com.qa.testngDemo.TC_UtilitybillPayment_002 -->
