<?xml version="1.0" encoding="UTF-8"?>
<!-- Generated by org.testng.reporters.JUnitReportReporter -->
<testsuite hostname="JyothiCyril" failures="0" tests="1" name="com.qa.testscripts.TC_WorkingWithWindows" time="20.794" errors="0" timestamp="2022-07-12T15:26:51 IST" skipped="0">
  <testcase classname="com.qa.testscripts.TC_WorkingWithWindows" name="multipleWindows" time="20.794"/>
  <system-out/>
</testsuite> <!-- com.qa.testscripts.TC_WorkingWithWindows -->
