<?xml version="1.0" encoding="UTF-8"?>
<!-- Generated by org.testng.reporters.JUnitReportReporter -->
<testsuite hostname="JyothiCyril" failures="0" tests="1" name="com.qa.testscripts.TC_AmazonPOM_001" time="11.940" errors="0" timestamp="2022-07-04T16:27:02 IST" skipped="0">
  <testcase classname="com.qa.testscripts.TC_AmazonPOM_001" name="searchItem" time="11.940"/>
  <system-out/>
</testsuite> <!-- com.qa.testscripts.TC_AmazonPOM_001 -->
