<?xml version="1.0" encoding="UTF-8"?>
<!-- Generated by org.testng.reporters.JUnitReportReporter -->
<testsuite hostname="JyothiCyril" failures="0" tests="1" name="com.qa.testscripts.TC_Amazon_002" time="1.779" errors="0" timestamp="2022-07-21T16:15:45 IST" skipped="0">
  <testcase classname="com.qa.testscripts.TC_Amazon_002" name="footerLinks" time="1.779"/>
  <system-out/>
</testsuite> <!-- com.qa.testscripts.TC_Amazon_002 -->
