<?xml version="1.0" encoding="UTF-8"?>
<!-- Generated by org.testng.reporters.JUnitReportReporter -->
<testsuite hostname="JyothiCyril" failures="0" tests="3" name="com.qa.testscripts.TC_WorkingwithFrames" time="3.309" errors="0" timestamp="2022-07-12T15:07:37 IST" skipped="0">
  <testcase classname="com.qa.testscripts.TC_WorkingwithFrames" name="FrameByIndex" time="1.373"/>
  <system-out/>
  <testcase classname="com.qa.testscripts.TC_WorkingwithFrames" name="FrameByName" time="1.863"/>
  <system-out/>
  <testcase classname="com.qa.testscripts.TC_WorkingwithFrames" name="FrameByElement" time="0.073"/>
  <system-out/>
</testsuite> <!-- com.qa.testscripts.TC_WorkingwithFrames -->
