<?xml version="1.0" encoding="UTF-8"?>
<!-- Generated by org.testng.reporters.JUnitReportReporter -->
<testsuite hostname="JyothiCyril" failures="0" tests="1" name="com.qa.testngDemo.TC_CreditCardBillPayment_003" time="0.008" errors="0" timestamp="2022-07-05T16:08:06 IST" skipped="0">
  <testcase classname="com.qa.testngDemo.TC_CreditCardBillPayment_003" name="CreditCardBillPayment" time="0.008"/>
  <system-out/>
</testsuite> <!-- com.qa.testngDemo.TC_CreditCardBillPayment_003 -->
