<?xml version="1.0" encoding="UTF-8"?>
<!-- Generated by org.testng.reporters.JUnitReportReporter -->
<testsuite hostname="JyothiCyril" failures="0" tests="5" name="com.qa.testngDemo.TC_FundTransfer_001" time="0.032" errors="0" timestamp="2022-07-05T16:08:06 IST" skipped="0">
  <testcase classname="com.qa.testngDemo.TC_FundTransfer_001" name="FTNeft" time="0.011"/>
  <system-out/>
  <testcase classname="com.qa.testngDemo.TC_FundTransfer_001" name="FTNeft" time="0.002"/>
  <system-out/>
  <testcase classname="com.qa.testngDemo.TC_FundTransfer_001" name="FTNeft" time="0.004"/>
  <system-out/>
  <testcase classname="com.qa.testngDemo.TC_FundTransfer_001" name="FTImps" time="0.011"/>
  <system-out/>
  <testcase classname="com.qa.testngDemo.TC_FundTransfer_001" name="FTInternational" time="0.004"/>
  <system-out/>
</testsuite> <!-- com.qa.testngDemo.TC_FundTransfer_001 -->
