<?xml version="1.0" encoding="UTF-8"?>
<!-- Generated by org.testng.reporters.JUnitReportReporter -->
<testsuite hostname="JyothiCyril" failures="0" tests="5" name="com.qa.testscripts.TC_Amazon_001" time="26.289" errors="0" timestamp="2022-07-18T15:30:12 IST" skipped="0">
  <testcase classname="com.qa.testscripts.TC_Amazon_001" name="searchItem" time="4.465"/>
  <system-out>
    <![CDATA[The user is on amazon page
The title is same as item name
Did you mean
Coco Soul Body Lotion with Coconut, Sandalwood & Ayurveda, Paraben, Silicones & Mineral Oil Free, 100% Vegan, 200 ml]]>
  </system-out>
  <testcase classname="com.qa.testscripts.TC_Amazon_001" name="searchItem" time="6.636"/>
  <system-out>
    <![CDATA[The user is on amazon page
The title is same as item name
Priti Wooden Coffee Table Living Room Table Solid Wood in Conical Shape | Wooden Surface Top & Sturdy Metal Legs Industrial Sofa Table for Living Room Modern Design Home Furniture]]>
  </system-out>
  <testcase classname="com.qa.testscripts.TC_Amazon_001" name="searchItem" time="5.203"/>
  <system-out>
    <![CDATA[The user is on amazon page
The title is same as item name
Samsung Galaxy M33 5G (Mystique Green, 8GB, 128GB Storage) | 5nm Processor | 6000mAh Battery | Voice Focus | Upto 16GB RAM with RAM Plus | Travel Adapter to be Purchased Separately
Samsung Galaxy S21 FE 5G (Lavender, 8GB, 128GB Storage)
Redmi 9A Sport (Coral Green, 2GB RAM, 32GB Storage) | 2GHz Octa-core Helio G25 Processor | 5000 mAh Battery
realme narzo 50i (Carbon Black, 4GB RAM+64GB Storage) - 6.5" inch Large Display | 5000mAh Battery
OPPO A31 (Mystery Black, 6GB RAM, 128GB Storage) with No Cost EMI/Additional Exchange Offers
OPPO A74 5G (Fantastic Purple,6GB RAM,128GB Storage) with No Cost EMI/Additional Exchange Offers
Redmi Note 11T 5G (Matte Black, 6GB RAM, 128GB ROM)| Dimensity 810 5G | 33W Pro Fast Charging | Charger Included | Additional Exchange Offers|Get 2 Months of YouTube Premium Free!
Samsung Galaxy M12 (Blue,4GB RAM, 64GB Storage) 6000 mAh with 8nm Processor | True 48 MP Quad Camera | 90Hz Refresh Rate
Samsung Galaxy M32 (Black, 6GB RAM, 128GB | FHD+ sAMOLED 90Hz Display | 6000mAh Battery | 64MP Quad Camera
Redmi 10 Prime (Phantom Black 4GB RAM 64GB | Helio G88 with extendable RAM Upto 2GB | FHD+ 90Hz Adaptive Sync Display)
Redmi 9 Activ (Coral Green, 4GB RAM, 64GB Storage)
Redmi 10A (Charcoal Black, 4GB RAM, 64GB Storage) | 2 Ghz Octa Core Helio G25 | 5000 mAh Battery | Finger Print Sensor | Upto 5GB RAM with RAM Booster
Redmi Note 10S (Frost White, 6GB RAM, 64GB Storage) - Super Amoled Display | 64 MP Quad Camera | Alexa Built in | 33W Charger Included
Nokia 5310 Dual SIM Keypad Phone with MP3 Player, Wireless FM Radio and Rear Camera with Flash | White/Red
Samsung Galaxy M53 5G (Mystique Green, 6GB, 128GB Storage) | 108MP Camera | sAmoled+ 120Hz | 32MP Front Camera | 6nm Processor | 12GB RAM with RAM Plus | Travel Adapter to be Purchased Separately
Apple iPhone 12 (128GB) - Blue
Jio Phone Next 32 GB ROM, 2 GB RAM, Blue Smartphone
realme narzo 50i (Mint Green, 4GB RAM+64GB Storage) - 6.5" inch Large Display | 5000mAh Battery
Redmi Note 11 (Space Black, 6GB RAM, 64GB Storage) | 90Hz FHD+ AMOLED Display | Qualcomm® Snapdragon™ 680-6nm | Alexa Built-in | 33W Charger Included | Get 2 Months of YouTube Premium Free!
OPPO A15s (Rainbow Silver, 4GB RAM, 64GB Storage) With No Cost EMI/Additional Exchange Offers
vivo iQOO Z6 44W (Raven Black, 6GB RAM, 128GB Storage) | 44W FlashCharge + 5000mAh Battery | FHD+ AMOLED Display | in-Display Fingerprint
Redmi Note 10T 5G (Metallic Blue, 4GB RAM, 64GB Storage) | Dual 5G | 90Hz Adaptive Refresh Rate | MediaTek Dimensity 700 7nm Processor | 22.5W Charger Included
Redmi 9A Sport (Carbon Black, 2GB RAM, 32GB Storage) | 2GHz Octa-core Helio G25 Processor | 5000 mAh Battery
realme narzo 50i (Mint Green, 2GB RAM+32GB Storage) - 6.5" inch Large Display | 5000mAh Battery
Redmi 10 Prime (Phantom Black 6GB RAM 128GB ROM |Helio G88 with extendable RAM Upto 2GB |FHD+ 90Hz Adaptive Sync Display)
Redmi 10 Prime (Astral White 4GB RAM 64GB ROM |Helio G88 with extendable RAM Upto 2GB |FHD+ 90Hz Adaptive Sync Display)
Nokia 105 Single SIM (Black)
Nokia 105 Single SIM, Keypad Mobile Phone with Wireless FM Radio | Charcoal
Lava X2 (2+32GB, Striped Blue) | Fingerprint Sensor | Octa Core Mediatek Processor | 6.5" HD+ Display | 8MP Dual AI Camera | 5000 mAh Battery | Type-C Charger
Apple iPhone 13 Pro (1TB) - Silver]]>
  </system-out>
  <testcase classname="com.qa.testscripts.TC_Amazon_001" name="searchItem" time="4.702"/>
  <system-out>
    <![CDATA[The user is on amazon page
The title is same as item name
Panasonic 6.5 kg 5 Star Semi-Automatic Top Loading Washing Machine (NA-W65E5ARB, Blue, Powerful Motor)
AmazonBasics 7 Kg Fully Automatic Top Loading Washing Machine (2021, Grey)
Samsung 6.5 kg Fully-Automatic Top Loading Washing Machine (WA65A4002VS/TL, Imperial Silver, Diamond Drum)
Samsung 6.5 Kg 5 Star Inverter Fully-Automatic Top Loading Washing Machine (WA65T4262GG/TL, Light Grey, Wobble technology)
Whirlpool 7 Kg 5 Star Semi-Automatic Top Loading Washing Machine (SUPERB ATOM 7.0, Grey Dazzle, TurboScrub Technology)
Panasonic Econavi 8 Kg 5 Star Built-In Heater Fully-Automatic Top Loading Washing Machine (NA-F80V9LRB, Silver, Stain Master+)
LG 6.5 Kg 5 Star Smart Inverter Fully-Automatic Top Loading Washing Machine (T65SKSF4Z, Middle Free Silver)
LG 7 Kg 5 Star Semi-Automatic Top Loading Washing Machine (P7020NGAZ, Dark Gray, Wind Jet Dry)
IFB 6.5 Kg Fully-Automatic Front Loading Washing Machine (Elena SX 6510, SX -Silver, In-Built Heater)
Bosch 6 kg 5 Star Inverter Fully Automatic Front Loading Washing Machine with In - built Heater (WLJ2016WIN, White )
Whirlpool 7.5 Kg 5 Star Royal Plus Fully-Automatic Top Loading Washing Machine (WHITEMAGIC ROYAL PLUS 7.5, Grey, Hard Water Wash)
Panasonic 6.5 kg 5 Star Semi-Automatic Top Loading Washing Machine (NA-W65E5ARB, Blue, Powerful Motor)
Whirlpool 7 Kg 5 Star Royal Fully-Automatic Top Loading Washing Machine (WHITEMAGIC ROYAL 7.0 GENX, Grey, Hard Water Wash)
Whirlpool 7.5 Kg 5 Star Semi-Automatic Top Loading Washing Machine (ACE 7.5 SUPREME, Grey Dazzle)
Samsung 6.0 Kg Inverter 5 Star Fully-Automatic Front Loading Washing Machine (WW60R20GLMA/TL, White, Hygiene Steam)
LG 6.5 Kg 5 Star Smart Inverter Fully-Automatic Top Loading Washing Machine (T65SKSF4Z, Middle Free Silver)
LG 7 kg 5 Star Inverter Fully-Automatic Top Loading Washing Machine (T70SKSF1Z, Middle Free Silver, TurboDrum)
IFB 7 Kg Fully-Automatic Top Loading Washing Machine (TL RES Aqua, Light Grey, Smart Sense,3D Wash Technology)
Onida 6.5 kg Washer Only (WS65WLPT1LR Liliput, Lava Red)
Samsung 7 kg Fully-Automatic Top Loading Washing Machine (WA70A4002GS/TL, Imperial Silver, Diamond drum)
LG 9.0 Kg 5 Star Smart Inverter Fully-Automatic Top Loading Washing Machine (T90SJSF1Z, Middle Free Silver, Jet Spray+)
Whirlpool 6 Kg 5 Star Semi-Automatic Top Loading Washing Machine (SUPERB ATOM 60I, Grey Dazzle)
Godrej 6.2 Kg Fully-Automatic Top Loading Washing Machine (WT EON 620 A Gp Gr, Grey)
Godrej 6.2 Kg Fully-Automatic Top Loading Washing Machine (WT EON 620 AP Gp Gr, Graphic Grey)
Whirlpool 7 Kg 5 Star Royal Plus Fully-Automatic Top Loading Washing Machine (WHITEMAGIC ROYAL PLUS 7.0, Grey, Hard Water Wash)
DMR Portable 3 kg Mini Top-Load Washing Machine with Dryer Basket (DMR 30-1208, Black)
Panasonic 7 Kg 5 Star Fully-Automatic Top Loading Washing Machine (NA-F70LF1HRB, Grey)
Whirlpool 8 Kg 5 Star Semi-Automatic Top Loading Washing Machine
AmazonBasics 6.5 kg Fully-Automatic Top Load Washing Machine (Grey/Black, Full Metal body, LED Display)
LG 7 Kg 5 Star Semi-Automatic Top Loading Washing Machine (P7020NGAZ, Dark Gray, Wind Jet Dry)
Samsung 6.5 kg Fully-Automatic Top Loading Washing Machine (WA65A4002VS/TL, Imperial Silver, Diamond Drum)]]>
  </system-out>
  <testcase classname="com.qa.testscripts.TC_Amazon_001" name="searchItem" time="5.283"/>
  <system-out>
    <![CDATA[The user is on amazon page
The title is same as item name
The Da Vinci Code: (Robert Langdon Book 2) (Robert Langdon, 2)
The Da Vinci Code (Abridged Edition)
The Da Vinci Code
DA VINCI CODE
The Da Vinci Code
The Da Vinci Code: A Novel: 2 (Robert Langdon)
The Da Vinci Code: (Robert Langdon Book 2)+The Lost Symbol: (Robert Langdon Book 3)(Set of 2books)
The Da Vinci Code 10th Anniversary Edition
1984 (Deluxe Hardbound Edition)
Greatest Works of Edgar Allan Poe
The Da Vinci Code
The Da Vinci Code: Facts and Fallacies at the 92nd Street Y
Breaking the Da Vinci Code
Davinci Code
The Da Vinci Code Exposed: What They Don't Want You to Know
The Da Vinci Code
Cracking the Da Vinci Code: The Unauthorized Guide to the Facts Behind the Fiction
The Da Vinci Code Revisited
Collection of Shakespeare's Greatest Stories (Box Set of 10 Books) For Children
The Complete Novels of Sherlock Holmes
Think & Grow Rich: THE 21st CENTURY EDITION
The Greatest Novels of Mark Twain (Deluxe Hardbound Edition)]]>
  </system-out>
</testsuite> <!-- com.qa.testscripts.TC_Amazon_001 -->
