<?xml version="1.0" encoding="UTF-8"?>
<!-- Generated by org.testng.reporters.JUnitReportReporter -->
<testsuite hostname="JyothiCyril" failures="0" tests="1" name="com.qa.testscripts.TC_WorkingwithAlerts" time="15.448" errors="0" timestamp="2022-07-12T15:59:23 IST" skipped="0">
  <testcase classname="com.qa.testscripts.TC_WorkingwithAlerts" name="registration" time="15.448"/>
  <system-out/>
</testsuite> <!-- com.qa.testscripts.TC_WorkingwithAlerts -->
