<?xml version="1.0" encoding="UTF-8"?>
<!-- Generated by org.testng.reporters.JUnitReportReporter -->
<testsuite hostname="JyothiCyril" failures="0" tests="2" name="com.qa.testscripts.TC_JavaScriptExecutor" time="39.622" errors="0" timestamp="2022-07-18T15:02:06 IST" skipped="0">
  <testcase classname="com.qa.testscripts.TC_JavaScriptExecutor" name="ScrollBars" time="30.408"/>
  <system-out/>
  <testcase classname="com.qa.testscripts.TC_JavaScriptExecutor" name="ScrollByElement" time="9.214"/>
  <system-out/>
</testsuite> <!-- com.qa.testscripts.TC_JavaScriptExecutor -->
