<?xml version="1.0" encoding="UTF-8"?>
<!-- Generated by org.testng.reporters.JUnitReportReporter -->
<testsuite hostname="JyothiCyril" failures="0" tests="5" name="com.qa.testscripts.TC_Amazon_001" time="33.623" errors="0" timestamp="2022-07-21T16:15:45 IST" skipped="0">
  <testcase classname="com.qa.testscripts.TC_Amazon_001" name="searchItem" time="4.033"/>
  <system-out>
    <![CDATA[The user is on amazon page
The title is same as item name
Priti Wooden Coffee Table Living Room Table Solid Wood in Conical Shape | Wooden Surface Top & Sturdy Metal Legs Industrial Sofa Table for Living Room Modern Design Home Furniture
STAR WORK C Shaped End Table, Slim Couch Side Tables Slide Under Sofa Bed, Small Snack Tray Table for Coffee Laptop in Living Room,Easy Assembly]]>
  </system-out>
  <testcase classname="com.qa.testscripts.TC_Amazon_001" name="searchItem" time="4.175"/>
  <system-out>
    <![CDATA[The user is on amazon page
The title is same as item name
Samsung Galaxy M52 5G (ICY Blue, 6GB RAM, 128GB Storage) Latest Snapdragon 778G 5G | sAMOLED 120Hz Display
Samsung Galaxy M33 5G (Mystique Green, 8GB, 128GB Storage) | 5nm Processor | 6000mAh Battery | Voice Focus | Upto 16GB RAM with RAM Plus | Travel Adapter to be Purchased Separately
Redmi 9A Sport (Coral Green, 2GB RAM, 32GB Storage) | 2GHz Octa-core Helio G25 Processor | 5000 mAh Battery
realme narzo 50i (Carbon Black, 4GB RAM+64GB Storage) - 6.5" inch Large Display | 5000mAh Battery
OPPO A31 (Mystery Black, 6GB RAM, 128GB Storage) with No Cost EMI/Additional Exchange Offers
Redmi Note 11T 5G (Matte Black, 6GB RAM, 128GB ROM)| Dimensity 810 5G | 33W Pro Fast Charging | Charger Included | Additional Exchange Offers|Get 2 Months of YouTube Premium Free!
Redmi 10A (Charcoal Black, 4GB RAM, 64GB Storage) | 2 Ghz Octa Core Helio G25 | 5000 mAh Battery | Finger Print Sensor | Upto 5GB RAM with RAM Booster
OPPO A74 5G (Fantastic Purple,6GB RAM,128GB Storage) with No Cost EMI/Additional Exchange Offers
Tecno POVA 3 (Eco Black, 6GB RAM, 128GB Storage)| 7000mAh Battery |33W Fast Charger | 6.9" FHD+ Display | 90 Hz Refresh Rate | 50MP Triple Camera | Helio G88 Gaming Processor
Samsung Galaxy M32 (Black, 6GB RAM, 128GB | FHD+ sAMOLED 90Hz Display | 6000mAh Battery | 64MP Quad Camera
Redmi 10 Prime (Phantom Black 4GB RAM 64GB | Helio G88 with extendable RAM Upto 2GB | FHD+ 90Hz Adaptive Sync Display)
Redmi 9 Activ (Coral Green, 4GB RAM, 64GB Storage)
Jio Phone Next 32 GB ROM, 2 GB RAM, Blue Smartphone
Nokia 5310 Dual SIM Keypad Phone with MP3 Player, Wireless FM Radio and Rear Camera with Flash | White/Red
Redmi Note 11 (Starburst White, 6GB RAM, 64GB Storage)|90Hz FHD+ AMOLED Display | Qualcomm® Snapdragon™ 680-6nm | Alexa Built-in | 33W Charger Included | Get 2 Months of YouTube Premium Free!
Apple iPhone 13 Pro (1TB) - Gold
Redmi Note 10S (Frost White, 6GB RAM, 64GB Storage) - Super Amoled Display | 64 MP Quad Camera | Alexa Built in | 33W Charger Included
vivo iQOO Z6 44W (Raven Black, 6GB RAM, 128GB Storage) | 44W FlashCharge + 5000mAh Battery | FHD+ AMOLED Display | in-Display Fingerprint
OPPO A15s (Rainbow Silver, 4GB RAM, 64GB Storage) With No Cost EMI/Additional Exchange Offers
Samsung Galaxy M32 (Black, 4GB RAM, 64GB | FHD+ sAMOLED 90Hz Display | 6000mAh Battery | 64MP Quad Camera
Redmi Note 10T 5G (Metallic Blue, 4GB RAM, 64GB Storage) | Dual 5G | 90Hz Adaptive Refresh Rate | MediaTek Dimensity 700 7nm Processor | 22.5W Charger Included
Redmi 10 Prime (Phantom Black 6GB RAM 128GB ROM |Helio G88 with extendable RAM Upto 2GB |FHD+ 90Hz Adaptive Sync Display)
Nokia 105 Single SIM (Black)
Redmi 9 Activ (Metallic Purple, 6GB RAM, 128GB Storage)
Redmi 10A (Slate Grey, 4GB RAM, 64GB Storage) | 2 Ghz Octa Core Helio G25 | 5000 mAh Battery | Finger Print Sensor | Upto 5GB RAM with RAM Booster
Nokia 105 Single SIM, Keypad Mobile Phone with Wireless FM Radio | Charcoal
Redmi 9A Sport (Carbon Black, 2GB RAM, 32GB Storage) | 2GHz Octa-core Helio G25 Processor | 5000 mAh Battery
Nokia 150 (2020) (Black)
Samsung Galaxy M53 5G (Mystique Green, 6GB, 128GB Storage) | 108MP Camera | sAmoled+ 120Hz | 32MP Front Camera | 6nm Processor | 12GB RAM with RAM Plus | Travel Adapter to be Purchased Separately
Apple iPhone 13 (128GB) - Pink]]>
  </system-out>
  <testcase classname="com.qa.testscripts.TC_Amazon_001" name="searchItem" time="11.114"/>
  <system-out>
    <![CDATA[The user is on amazon page
The title is same as item name
Samsung 6.5 Kg 5 Star Inverter Fully-Automatic Top Loading Washing Machine (WA65T4262GG/TL, Light Grey, Wobble technology)
Panasonic 6.5 kg 5 Star Semi-Automatic Top Loading Washing Machine (NA-W65E5ARB, Blue, Powerful Motor)
Samsung 6.5 kg Fully-Automatic Top Loading Washing Machine (WA65A4002VS/TL, Imperial Silver, Diamond Drum)
Samsung 6.5 Kg 5 Star Inverter Fully-Automatic Top Loading Washing Machine (WA65T4262GG/TL, Light Grey, Wobble technology)
Whirlpool 7 Kg 5 Star Semi-Automatic Top Loading Washing Machine (SUPERB ATOM 7.0, Grey Dazzle, TurboScrub Technology)
Fox Good Height Supreme Roller Heavy Duty Stand | 24-Wheels | Washing Machine, Dishwasher, Single Door Refrigerator | Adjustable Size | Made in Bharat
LG 6.5 Kg 5 Star Smart Inverter Fully-Automatic Top Loading Washing Machine (T65SKSF4Z, Middle Free Silver)
LG 7 Kg 5 Star Semi-Automatic Top Loading Washing Machine (P7020NGAZ, Dark Gray, Wind Jet Dry)
IFB 6.5 Kg Fully-Automatic Front Loading Washing Machine (Elena SX 6510, SX -Silver, In-Built Heater)
LG 7 kg 5 Star Inverter Fully-Automatic Top Loading Washing Machine (T70SKSF1Z, Middle Free Silver, TurboDrum)
Whirlpool 7.5 Kg 5 Star Semi-Automatic Top Loading Washing Machine (ACE 7.5 SUPREME, Grey Dazzle)
Whirlpool 7.5 Kg 5 Star Royal Plus Fully-Automatic Top Loading Washing Machine (WHITEMAGIC ROYAL PLUS 7.5, Grey, Hard Water Wash)
Panasonic 6.5 kg 5 Star Semi-Automatic Top Loading Washing Machine (NA-W65E5ARB, Blue, Powerful Motor)
Bosch 6 kg 5 Star Inverter Fully Automatic Front Loading Washing Machine with In - built Heater (WLJ2016WIN, White )
IFB 7 Kg Fully-Automatic Top Loading Washing Machine (TL RES Aqua, Light Grey, Smart Sense,3D Wash Technology)
AmazonBasics 6.5 kg Fully-Automatic Top Load Washing Machine (Grey/Black, Full Metal body, LED Display)
Amazon Basics 6 Kg Fully Automatic Top Loading Washing machine
Samsung 6.0 Kg Inverter 5 Star Fully-Automatic Front Loading Washing Machine (WW60R20GLMA/TL, White, Hygiene Steam)
Whirlpool 7 Kg 5 Star Royal Fully-Automatic Top Loading Washing Machine (WHITEMAGIC ROYAL 7.0 GENX, Grey, Hard Water Wash)
LG 9.0 Kg 5 Star Smart Inverter Fully-Automatic Top Loading Washing Machine (T90SJSF1Z, Middle Free Silver, Jet Spray+)
Samsung 7 kg Fully-Automatic Top Loading Washing Machine (WA70A4002GS/TL, Imperial Silver, Diamond drum)
Whirlpool 6 Kg 5 Star Semi-Automatic Top Loading Washing Machine (SUPERB ATOM 60I, Grey Dazzle)
Onida 6.5 kg Washer Only (WS65WLPT1LR Liliput, Lava Red)
Whirlpool 7 Kg 5 Star Royal Plus Fully-Automatic Top Loading Washing Machine (WHITEMAGIC ROYAL PLUS 7.0, Grey, Hard Water Wash)
Godrej 6.2 Kg Fully-Automatic Top Loading Washing Machine (WT EON 620 AP Gp Gr, Graphic Grey)
AmazonBasics 6.5 kg Fully-Automatic Top Load Washing Machine (Grey/Black, Full Metal body, LED Display)
Onida 7 Kg 5 Star Semi-Automatic Top Loading Washing Machine (S70OIB, White)
Whirlpool 8 Kg 5 Star Semi-Automatic Top Loading Washing Machine
Godrej 6.2 Kg Fully-Automatic Top Loading Washing Machine (WT EON 620 A Gp Gr, Grey)
IFB 7 Kg 5 Star Front Load Washing Machine 2X Power Dual Steam (ELITE MXS 7012, Mocha, Active Color Protection, Hard Water Wash)
IFB 8 Kg 5 Star Front Load Washing Machine with 2X Power Dual Steam (SENATOR MXS 8012, Mocha, Active Color Protection, Hard Water Wash)
Panasonic Econavi 8 Kg 5 Star Built-In Heater Fully-Automatic Top Loading Washing Machine (NA-F80V9LRB, Silver, Stain Master+)]]>
  </system-out>
  <testcase classname="com.qa.testscripts.TC_Amazon_001" name="searchItem" time="9.721"/>
  <system-out>
    <![CDATA[The user is on amazon page
The title is same as item name
Did you mean
Vaseline Intensive Care 24 hr nourishing Cocoa Glow Body Lotion with Cocoa And Shea Butter, Restores Glow for all skin type - 400 ml
Coco Soul Body Lotion with Coconut, Sandalwood & Ayurveda, Paraben, Silicones & Mineral Oil Free, 100% Vegan, 200 ml]]>
  </system-out>
  <testcase classname="com.qa.testscripts.TC_Amazon_001" name="searchItem" time="4.580"/>
  <system-out>
    <![CDATA[The user is on amazon page
The title is same as item name
The Six + 1 Wish
The Greatest Novels of Mark Twain (Deluxe Hardbound Edition)
The Da Vinci Code: (Robert Langdon Book 2) (Robert Langdon, 2)
The Da Vinci Code (Abridged Edition)
The Da Vinci Code
DA VINCI CODE
The Da Vinci Code: A Novel: 2 (Robert Langdon)
The Da Vinci Code
The Da Vinci Code: Facts and Fallacies at the 92nd Street Y
The Da Vinci Code 10th Anniversary Edition
Collection of Shakespeare's Greatest Stories (Box Set of 10 Books) For Children
Greatest Works of Edgar Allan Poe
The Da Vinci Code: A Novel: 2 (Robert Langdon)
Breaking the Da Vinci Code
Davinci Code
The Da Vinci Code
The Da Vinci Code: (Robert Langdon Book 2)+The Lost Symbol: (Robert Langdon Book 3)(Set of 2books)
The Da Vinci Code Exposed: What They Don't Want You to Know
The Da Vinci Code
The Da Vinci Code Revisited
Think & Grow Rich: THE 21st CENTURY EDITION
The Dhandho Investor: The Low-Risk Value Method to High Returns]]>
  </system-out>
</testsuite> <!-- com.qa.testscripts.TC_Amazon_001 -->
